[debug] [2022-05-22T19:52:22.444Z] ----------------------------------------------------------------------
[debug] [2022-05-22T19:52:22.446Z] Command:       /usr/local/bin/node /usr/local/bin/firebase deploy --only hosting
[debug] [2022-05-22T19:52:22.446Z] CLI Version:   9.19.0
[debug] [2022-05-22T19:52:22.446Z] Platform:      darwin
[debug] [2022-05-22T19:52:22.447Z] Node Version:  v16.13.2
[debug] [2022-05-22T19:52:22.448Z] Time:          Sun May 22 2022 12:52:22 GMT-0700 (Pacific Daylight Time)
[debug] [2022-05-22T19:52:22.449Z] ----------------------------------------------------------------------
[debug] 
[debug] [2022-05-22T19:52:22.537Z] > command requires scopes: ["email","openid","https://www.googleapis.com/auth/cloudplatformprojects.readonly","https://www.googleapis.com/auth/firebase","https://www.googleapis.com/auth/cloud-platform"]
[debug] [2022-05-22T19:52:22.538Z] > authorizing via signed-in user (yasinkhan500@gmail.com)
[debug] [2022-05-22T19:52:22.539Z] [iam] checking project project-catwalk-f2680 for permissions ["firebase.projects.get","firebasehosting.sites.update"]
[debug] [2022-05-22T19:52:22.541Z] > refreshing access token with scopes: ["email","https://www.googleapis.com/auth/cloud-platform","https://www.googleapis.com/auth/cloudplatformprojects.readonly","https://www.googleapis.com/auth/firebase","openid"]
[debug] [2022-05-22T19:52:22.542Z] >>> HTTP REQUEST POST https://www.googleapis.com/oauth2/v3/token  
 <request body omitted>
[debug] [2022-05-22T19:52:22.781Z] <<< HTTP RESPONSE 200 {"date":"Sun, 22 May 2022 19:52:22 GMT","pragma":"no-cache","expires":"Mon, 01 Jan 1990 00:00:00 GMT","cache-control":"no-cache, no-store, max-age=0, must-revalidate","content-type":"application/json; charset=utf-8","vary":"X-Origin, Referer, Origin,Accept-Encoding","server":"scaffolding on HTTPServer2","x-xss-protection":"0","x-frame-options":"SAMEORIGIN","x-content-type-options":"nosniff","alt-svc":"h3=\":443\"; ma=2592000,h3-29=\":443\"; ma=2592000,h3-Q050=\":443\"; ma=2592000,h3-Q046=\":443\"; ma=2592000,h3-Q043=\":443\"; ma=2592000,quic=\":443\"; ma=2592000; v=\"46,43\"","accept-ranges":"none","transfer-encoding":"chunked"}
[debug] [2022-05-22T19:52:22.857Z] >>> HTTP REQUEST POST https://cloudresourcemanager.googleapis.com/v1/projects/project-catwalk-f2680:testIamPermissions  
 {"permissions":["firebase.projects.get","firebasehosting.sites.update"]}
[debug] [2022-05-22T19:52:23.223Z] <<< HTTP RESPONSE 200 {"content-type":"application/json; charset=UTF-8","vary":"X-Origin, Referer, Origin,Accept-Encoding","date":"Sun, 22 May 2022 19:52:23 GMT","server":"ESF","cache-control":"private","x-xss-protection":"0","x-frame-options":"SAMEORIGIN","x-content-type-options":"nosniff","server-timing":"gfet4t7; dur=188","alt-svc":"h3=\":443\"; ma=2592000,h3-29=\":443\"; ma=2592000,h3-Q050=\":443\"; ma=2592000,h3-Q046=\":443\"; ma=2592000,h3-Q043=\":443\"; ma=2592000,quic=\":443\"; ma=2592000; v=\"46,43\"","accept-ranges":"none","transfer-encoding":"chunked"}
[debug] [2022-05-22T19:52:23.228Z] > refreshing access token with scopes: []
[debug] [2022-05-22T19:52:23.229Z] >>> HTTP REQUEST POST https://www.googleapis.com/oauth2/v3/token  
 <request body omitted>
[debug] [2022-05-22T19:52:23.440Z] <<< HTTP RESPONSE 200 {"pragma":"no-cache","date":"Sun, 22 May 2022 19:52:23 GMT","cache-control":"no-cache, no-store, max-age=0, must-revalidate","expires":"Mon, 01 Jan 1990 00:00:00 GMT","content-type":"application/json; charset=utf-8","vary":"X-Origin, Referer, Origin,Accept-Encoding","server":"scaffolding on HTTPServer2","x-xss-protection":"0","x-frame-options":"SAMEORIGIN","x-content-type-options":"nosniff","alt-svc":"h3=\":443\"; ma=2592000,h3-29=\":443\"; ma=2592000,h3-Q050=\":443\"; ma=2592000,h3-Q046=\":443\"; ma=2592000,h3-Q043=\":443\"; ma=2592000,quic=\":443\"; ma=2592000; v=\"46,43\"","accept-ranges":"none","transfer-encoding":"chunked"}
[debug] [2022-05-22T19:52:23.504Z] >>> [apiv2][query] GET https://firebase.googleapis.com/v1beta1/projects/project-catwalk-f2680 [none]
[debug] [2022-05-22T19:52:23.824Z] <<< [apiv2][status] GET https://firebase.googleapis.com/v1beta1/projects/project-catwalk-f2680 200
[debug] [2022-05-22T19:52:23.826Z] <<< [apiv2][body] GET https://firebase.googleapis.com/v1beta1/projects/project-catwalk-f2680 {"projectId":"project-catwalk-f2680","projectNumber":"216515793562","displayName":"Project-Catwalk","name":"projects/project-catwalk-f2680","resources":{"hostingSite":"project-catwalk-f2680"},"state":"ACTIVE"}
[info] 
[info] === Deploying to 'project-catwalk-f2680'...
[info] 
[info] i  deploying hosting 
[debug] [2022-05-22T19:52:23.834Z] > refreshing access token with scopes: ["email","https://www.googleapis.com/auth/cloud-platform","https://www.googleapis.com/auth/cloudplatformprojects.readonly","https://www.googleapis.com/auth/firebase","openid"]
[debug] [2022-05-22T19:52:23.835Z] >>> HTTP REQUEST POST https://www.googleapis.com/oauth2/v3/token  
 <request body omitted>
[debug] [2022-05-22T19:52:24.046Z] <<< HTTP RESPONSE 200 {"expires":"Mon, 01 Jan 1990 00:00:00 GMT","pragma":"no-cache","cache-control":"no-cache, no-store, max-age=0, must-revalidate","date":"Sun, 22 May 2022 19:52:24 GMT","content-type":"application/json; charset=utf-8","vary":"X-Origin, Referer, Origin,Accept-Encoding","server":"scaffolding on HTTPServer2","x-xss-protection":"0","x-frame-options":"SAMEORIGIN","x-content-type-options":"nosniff","alt-svc":"h3=\":443\"; ma=2592000,h3-29=\":443\"; ma=2592000,h3-Q050=\":443\"; ma=2592000,h3-Q046=\":443\"; ma=2592000,h3-Q043=\":443\"; ma=2592000,quic=\":443\"; ma=2592000; v=\"46,43\"","accept-ranges":"none","transfer-encoding":"chunked"}
[debug] [2022-05-22T19:52:24.091Z] >>> HTTP REQUEST POST https://firebasehosting.googleapis.com/v1beta1/sites/project-catwalk-f2680/versions  
 {"config":{"rewrites":[{"glob":"**","path":"/index.html"}]},"labels":{"deployment-tool":"cli-firebase"}}
[debug] [2022-05-22T19:52:24.945Z] <<< HTTP RESPONSE 200 {"content-type":"application/json; charset=UTF-8","vary":"X-Origin, Referer, Origin,Accept-Encoding","date":"Sun, 22 May 2022 19:52:24 GMT","server":"ESF","cache-control":"private","x-xss-protection":"0","x-frame-options":"SAMEORIGIN","x-content-type-options":"nosniff","alt-svc":"h3=\":443\"; ma=2592000,h3-29=\":443\"; ma=2592000,h3-Q050=\":443\"; ma=2592000,h3-Q046=\":443\"; ma=2592000,h3-Q043=\":443\"; ma=2592000,quic=\":443\"; ma=2592000; v=\"46,43\"","accept-ranges":"none","transfer-encoding":"chunked"}
[info] i  hosting[project-catwalk-f2680]: beginning deploy... 
[info] i  hosting[project-catwalk-f2680]: found 53 files in client/dist 
[debug] [2022-05-22T19:52:24.999Z] > refreshing access token with scopes: []
[debug] [2022-05-22T19:52:24.999Z] >>> HTTP REQUEST POST https://www.googleapis.com/oauth2/v3/token  
 <request body omitted>
[debug] [2022-05-22T19:52:25.001Z] [hosting] hash cache [Y2xpZW50L2Rpc3Q] stored for 53 files
[debug] [2022-05-22T19:52:25.002Z] [hosting][hash queue][FINAL] {"max":23,"min":0,"avg":1.9233419813259187,"active":0,"complete":53,"success":53,"errored":0,"retried":0,"total":53,"elapsed":31}
[debug] [2022-05-22T19:52:25.161Z] <<< HTTP RESPONSE 200 {"cache-control":"no-cache, no-store, max-age=0, must-revalidate","date":"Sun, 22 May 2022 19:52:25 GMT","pragma":"no-cache","expires":"Mon, 01 Jan 1990 00:00:00 GMT","content-type":"application/json; charset=utf-8","vary":"X-Origin, Referer, Origin,Accept-Encoding","server":"scaffolding on HTTPServer2","x-xss-protection":"0","x-frame-options":"SAMEORIGIN","x-content-type-options":"nosniff","alt-svc":"h3=\":443\"; ma=2592000,h3-29=\":443\"; ma=2592000,h3-Q050=\":443\"; ma=2592000,h3-Q046=\":443\"; ma=2592000,h3-Q043=\":443\"; ma=2592000,quic=\":443\"; ma=2592000; v=\"46,43\"","accept-ranges":"none","transfer-encoding":"chunked"}
[debug] [2022-05-22T19:52:25.207Z] >>> [apiv2][query] POST https://firebasehosting.googleapis.com/v1beta1/sites/project-catwalk-f2680/versions/19482fcf77e03f58:populateFiles [none]
[debug] [2022-05-22T19:52:25.207Z] >>> [apiv2][body] POST https://firebasehosting.googleapis.com/v1beta1/sites/project-catwalk-f2680/versions/19482fcf77e03f58:populateFiles {"files":{"/114.bundle.js":"8c633fa1d6b166fc57b27166edf8b0019b107fa7c95ad3f4dbbf425fa9c596b3","/126.bundle.js":"1927a43e9acb019e5c88815b1f2d7a967adf589d41c2f29212691a2000e41cf9","/154.bundle.js":"eb3e66dd1af90ceb27ef3c0798f7fc8dd690e9b217abebd3328334e7ac642397","/163.bundle.js":"2fe6bda027aa83bc0d8e55b5851ac1d6f7f612f635480a37db4088f2860b6667","/257.bundle.js":"cdf02d00023d5d3a908a0a8fec1557761e3937f371bc76fbffcbcae12533ca75","/263.bundle.js":"d8f3983e68aa7c28fa416537ede1bcf7b06932b6a399fdeb4e97e8231c631dee","/267.bundle.js":"83a02a9bb441f80b5b59e21b78f49f4ada0d066bb02b460e7c56fed790b79eef","/283.bundle.js":"36afa46783c8cb3b2ff5997cb61ac043d9cc844638c89f17b80a07727ffc63d8","/286.bundle.js":"86712ca361e26eb051a10267598cd39e8d011fef95b96c604b288431e51d3108","/3.bundle.js":"56c8cc3035517ef16390e468d1ca5f4a37706db94dfe08f2afe6d2b0beedf451","/337.bundle.js":"d0ecd7e3993df032c144c5f1d8172b156382fcc35742fe41e1512825759c9acd","/386.bundle.js":"03c22e37e21a30f57232e0484e240ee1ceb3cbb22fc58765abf342d414c63b4f","/390.bundle.js":"190089476aeeb56c11f3a4f2f4127b09a5aa9d34e903d48504caaf3044574fca","/391.bundle.js":"bed3fc8c3a07dc3dc4ae11369f65f4155862fa9eba825b4e8de04b05f97e5cf5","/402.bundle.js":"7ea1e3c615427a6bf96a8860de8b945b6874bd66f2ec7024ffbbf870f7a50cf1","/427.bundle.js":"4fd94c3659342e5ad87e5c0c29ae4cac8ecb6a722b006ac3ab0fa14181878abe","/438.bundle.js":"68795970b942775515b657195bda48f10da7593fba4352a930c1362127de6dad","/440.bundle.js":"4ddd8f5818c3fcddff3b792d4447a3971465167d3b14d2c640ef7b06f2f374b9","/448.bundle.js":"65ea4a93462ae9e5b9e3b92e896e000540b919b2e2b1d30cdfd271a8aaa2cfae","/448.bundle.js.LICENSE.txt":"5b8330fea5a4c21ef4c1112a89aa76ff0c8744ba6b50dbb535ea9674a913efe1","/451.bundle.js":"ac9872298a73f452520c4a2bc035b65e08564b2424171d67591fdb4001402e49","/464.bundle.js":"5f75d6427a23a3a245dd0c8d36c55d3506c9abada8bb5744d68a215f7db4d4ec","/486.bundle.js":"fc074230054544f4a6e7c8d556469d123d87c67a0526f7ccc6984e2f30e46477","/486.bundle.js.LICENSE.txt":"601cfbe57083b72fb1ba0d08b0d7241efadfadbf065d2d6e381badf90405f039","/496.bundle.js":"286a3edb27c5af2e591499a89936f0153a4af6368c41a72e2f6571ed4829d859","/507.bundle.js":"3cbf788683ffad69680d83cd40f328f279d22313f686fff82c8378a769c91498","/556.bundle.js":"1642f0502a3b4412c0c0effb95c1fce2aab884f073aa8a1d3e05f39cef76eae4","/579.bundle.js":"e1862f95d6716b8b4c7a6b2fd6a8e0e6de8380320ef320be0a4b80e97b37c3e4","/580.bundle.js":"017d06eff1c45dd09d31efc684518abaf1ef03094bfee32fcd89b312fcec7336","/710.bundle.js":"bfedcb20252d0f032fa5bc38b9c46f72e49c35a1d769fdc40fe31fb5cdeeb727","/711.bundle.js":"2e98118d88eb2480133d3221cf2ed3e210aa5ab3f6ea0ba0c431d907c0ebd3a3","/720.bundle.js":"a063ba967cfc84f4675fdded6d084999817a562378d790317413ec1747636f70","/726.bundle.js":"2298e8b78728890ebc5861fcde1825eca8099161a261c56a0a67b3651d17d251","/726.bundle.js.LICENSE.txt":"cb193abd1f6bd7a0c1d5f14c43503a14030632c3ea6c221772156cd5e41bc63d","/753.bundle.js":"406b5943699a5ced5a1fc7a0a23e3191d1137526757345a42b79eb85b1d3ea6d","/77.bundle.js":"875cc68028d89662ac69fdba2e702d87051319989c6fdf4cd17d6b4b45f6cdf6","/774.bundle.js":"a9c4e3045c4244fd5029c93aae257ed58270966960952fabfbd0f585e0cf5a04","/79.bundle.js":"5fb0f06322f162b71415c8eec6cad0bc149c4a3d0cce4f460a69b75f64d00477","/825.bundle.js":"ff63442648ebda700f82e0851d67d45c03775b054e9f48156041de2a17b66e50","/831.bundle.js":"e2922f2802f83ae3772d16d9b21aef99ba2ec4643924e3ed7076445cf35d46d6","/836.bundle.js":"d2e20142d71576da4f67e1d3579a29ed9e5853077c733e7e8e0fdd17b048baa7","/839.bundle.js":"ec2feafa942ab708aac3a84ddefddab0a9cbddaccc0691d06d67906c4fe40340","/845.bundle.js":"bacf3b2a02e3c62746423183c8fa0d9f030519c52ed3eaeb5a0ddf7478d0a79e","/852.bundle.js":"5b50a13e9b65b47c8538cbf3c617214d63bceff33f4518aefe487d5e835e4e35","/93.bundle.js":"f6b5db6815a8ad01ffda641d8fb1e1b387484e6332adc953ad2a5c6fb9204166","/bundle.js.LICENSE.txt":"9dff2b90dbfbb9fa42f97c0addac88682c45cbf1e2a3a8883ac2cf4fd16c8a7b","/favicon.ico":"c5504dbef01e4677c4dab8eabcea83bf57dd46eee34f85d19fd593071078cf02","/index.html":"4345b589093257e184735d10a9091cb5ef657e0fd609fc94ee889581a91c57ae","/761.bundle.js":"a66109e2785e33959dcdc9820b179ce53d29bb1b36c64ca739028106697293fc","/810.bundle.js":"c195fff494bba3db755c303eae51ccbee503ef8e0fe8b13993977a5b75266fbc","/881.bundle.js":"79de72bb4874b68998749506c0aaceb68573c83b95efcb2f29aa800eb64548dc","/953.bundle.js":"458d8267f4decf2590c0e84ddccfe3317c54fcb2503f2da127b804a7c23fdc23","/bundle.js":"0ef09ab12bd0e9432a27fab037f8cc7246ef980555a19156be3eb3e5d8f0a4fc"}}
[debug] [2022-05-22T19:52:25.952Z] <<< [apiv2][status] POST https://firebasehosting.googleapis.com/v1beta1/sites/project-catwalk-f2680/versions/19482fcf77e03f58:populateFiles 200
[debug] [2022-05-22T19:52:25.952Z] <<< [apiv2][body] POST https://firebasehosting.googleapis.com/v1beta1/sites/project-catwalk-f2680/versions/19482fcf77e03f58:populateFiles {"uploadRequiredHashes":["c195fff494bba3db755c303eae51ccbee503ef8e0fe8b13993977a5b75266fbc","0ef09ab12bd0e9432a27fab037f8cc7246ef980555a19156be3eb3e5d8f0a4fc","458d8267f4decf2590c0e84ddccfe3317c54fcb2503f2da127b804a7c23fdc23","a66109e2785e33959dcdc9820b179ce53d29bb1b36c64ca739028106697293fc","79de72bb4874b68998749506c0aaceb68573c83b95efcb2f29aa800eb64548dc"],"uploadUrl":"https://upload-firebasehosting.googleapis.com/upload/sites/project-catwalk-f2680/versions/19482fcf77e03f58/files"}
[debug] [2022-05-22T19:52:25.959Z] >>> [apiv2][query] POST https://upload-firebasehosting.googleapis.com/upload/sites/project-catwalk-f2680/versions/19482fcf77e03f58/files/c195fff494bba3db755c303eae51ccbee503ef8e0fe8b13993977a5b75266fbc [none]
[debug] [2022-05-22T19:52:25.959Z] >>> [apiv2][body] POST https://upload-firebasehosting.googleapis.com/upload/sites/project-catwalk-f2680/versions/19482fcf77e03f58/files/c195fff494bba3db755c303eae51ccbee503ef8e0fe8b13993977a5b75266fbc [stream]
[debug] [2022-05-22T19:52:25.964Z] >>> [apiv2][query] POST https://upload-firebasehosting.googleapis.com/upload/sites/project-catwalk-f2680/versions/19482fcf77e03f58/files/0ef09ab12bd0e9432a27fab037f8cc7246ef980555a19156be3eb3e5d8f0a4fc [none]
[debug] [2022-05-22T19:52:25.964Z] >>> [apiv2][body] POST https://upload-firebasehosting.googleapis.com/upload/sites/project-catwalk-f2680/versions/19482fcf77e03f58/files/0ef09ab12bd0e9432a27fab037f8cc7246ef980555a19156be3eb3e5d8f0a4fc [stream]
[debug] [2022-05-22T19:52:25.969Z] >>> [apiv2][query] POST https://upload-firebasehosting.googleapis.com/upload/sites/project-catwalk-f2680/versions/19482fcf77e03f58/files/458d8267f4decf2590c0e84ddccfe3317c54fcb2503f2da127b804a7c23fdc23 [none]
[debug] [2022-05-22T19:52:25.969Z] >>> [apiv2][body] POST https://upload-firebasehosting.googleapis.com/upload/sites/project-catwalk-f2680/versions/19482fcf77e03f58/files/458d8267f4decf2590c0e84ddccfe3317c54fcb2503f2da127b804a7c23fdc23 [stream]
[debug] [2022-05-22T19:52:25.974Z] >>> [apiv2][query] POST https://upload-firebasehosting.googleapis.com/upload/sites/project-catwalk-f2680/versions/19482fcf77e03f58/files/a66109e2785e33959dcdc9820b179ce53d29bb1b36c64ca739028106697293fc [none]
[debug] [2022-05-22T19:52:25.974Z] >>> [apiv2][body] POST https://upload-firebasehosting.googleapis.com/upload/sites/project-catwalk-f2680/versions/19482fcf77e03f58/files/a66109e2785e33959dcdc9820b179ce53d29bb1b36c64ca739028106697293fc [stream]
[debug] [2022-05-22T19:52:25.981Z] >>> [apiv2][query] POST https://upload-firebasehosting.googleapis.com/upload/sites/project-catwalk-f2680/versions/19482fcf77e03f58/files/79de72bb4874b68998749506c0aaceb68573c83b95efcb2f29aa800eb64548dc [none]
[debug] [2022-05-22T19:52:25.981Z] >>> [apiv2][body] POST https://upload-firebasehosting.googleapis.com/upload/sites/project-catwalk-f2680/versions/19482fcf77e03f58/files/79de72bb4874b68998749506c0aaceb68573c83b95efcb2f29aa800eb64548dc [stream]
[debug] [2022-05-22T19:52:25.986Z] [hosting][populate queue][FINAL] {"max":962,"min":962,"avg":962,"active":0,"complete":1,"success":1,"errored":0,"retried":0,"total":1,"elapsed":989}
[debug] [2022-05-22T19:52:25.987Z] [hosting] uploads queued: 5
[debug] [2022-05-22T19:52:26.782Z] <<< [apiv2][status] POST https://upload-firebasehosting.googleapis.com/upload/sites/project-catwalk-f2680/versions/19482fcf77e03f58/files/458d8267f4decf2590c0e84ddccfe3317c54fcb2503f2da127b804a7c23fdc23 200
[debug] [2022-05-22T19:52:26.784Z] <<< [apiv2][body] POST https://upload-firebasehosting.googleapis.com/upload/sites/project-catwalk-f2680/versions/19482fcf77e03f58/files/458d8267f4decf2590c0e84ddccfe3317c54fcb2503f2da127b804a7c23fdc23 [stream]
[debug] [2022-05-22T19:52:26.785Z] <<< [apiv2][status] POST https://upload-firebasehosting.googleapis.com/upload/sites/project-catwalk-f2680/versions/19482fcf77e03f58/files/c195fff494bba3db755c303eae51ccbee503ef8e0fe8b13993977a5b75266fbc 200
[debug] [2022-05-22T19:52:26.785Z] <<< [apiv2][body] POST https://upload-firebasehosting.googleapis.com/upload/sites/project-catwalk-f2680/versions/19482fcf77e03f58/files/c195fff494bba3db755c303eae51ccbee503ef8e0fe8b13993977a5b75266fbc [stream]
[debug] [2022-05-22T19:52:26.838Z] <<< [apiv2][status] POST https://upload-firebasehosting.googleapis.com/upload/sites/project-catwalk-f2680/versions/19482fcf77e03f58/files/79de72bb4874b68998749506c0aaceb68573c83b95efcb2f29aa800eb64548dc 200
[debug] [2022-05-22T19:52:26.838Z] <<< [apiv2][body] POST https://upload-firebasehosting.googleapis.com/upload/sites/project-catwalk-f2680/versions/19482fcf77e03f58/files/79de72bb4874b68998749506c0aaceb68573c83b95efcb2f29aa800eb64548dc [stream]
[debug] [2022-05-22T19:52:26.985Z] <<< [apiv2][status] POST https://upload-firebasehosting.googleapis.com/upload/sites/project-catwalk-f2680/versions/19482fcf77e03f58/files/a66109e2785e33959dcdc9820b179ce53d29bb1b36c64ca739028106697293fc 200
[debug] [2022-05-22T19:52:26.985Z] <<< [apiv2][body] POST https://upload-firebasehosting.googleapis.com/upload/sites/project-catwalk-f2680/versions/19482fcf77e03f58/files/a66109e2785e33959dcdc9820b179ce53d29bb1b36c64ca739028106697293fc [stream]
[debug] [2022-05-22T19:52:27.332Z] <<< [apiv2][status] POST https://upload-firebasehosting.googleapis.com/upload/sites/project-catwalk-f2680/versions/19482fcf77e03f58/files/0ef09ab12bd0e9432a27fab037f8cc7246ef980555a19156be3eb3e5d8f0a4fc 200
[debug] [2022-05-22T19:52:27.333Z] <<< [apiv2][body] POST https://upload-firebasehosting.googleapis.com/upload/sites/project-catwalk-f2680/versions/19482fcf77e03f58/files/0ef09ab12bd0e9432a27fab037f8cc7246ef980555a19156be3eb3e5d8f0a4fc [stream]
[debug] [2022-05-22T19:52:27.333Z] [hosting][upload queue][FINAL] {"max":1379,"min":830,"avg":990,"active":0,"complete":5,"success":5,"errored":0,"retried":0,"total":5,"elapsed":1381}
[info] ✔  hosting[project-catwalk-f2680]: file upload complete 
[debug] [2022-05-22T19:52:27.336Z] [hosting] deploy completed after 2387ms
[debug] [2022-05-22T19:52:27.343Z] [
  {
    "config": {
      "public": "client/dist",
      "ignore": [
        "firebase.json",
        "**/.*",
        "**/node_modules/**"
      ],
      "rewrites": [
        {
          "source": "**",
          "destination": "/index.html"
        }
      ],
      "site": "project-catwalk-f2680"
    },
    "site": "project-catwalk-f2680",
    "version": "sites/project-catwalk-f2680/versions/19482fcf77e03f58"
  }
]
[info] i  hosting[project-catwalk-f2680]: finalizing version... 
[debug] [2022-05-22T19:52:27.344Z] > refreshing access token with scopes: ["email","https://www.googleapis.com/auth/cloud-platform","https://www.googleapis.com/auth/cloudplatformprojects.readonly","https://www.googleapis.com/auth/firebase","openid"]
[debug] [2022-05-22T19:52:27.344Z] >>> HTTP REQUEST POST https://www.googleapis.com/oauth2/v3/token  
 <request body omitted>
[debug] [2022-05-22T19:52:27.518Z] <<< HTTP RESPONSE 200 {"expires":"Mon, 01 Jan 1990 00:00:00 GMT","cache-control":"no-cache, no-store, max-age=0, must-revalidate","date":"Sun, 22 May 2022 19:52:27 GMT","pragma":"no-cache","content-type":"application/json; charset=utf-8","vary":"X-Origin, Referer, Origin,Accept-Encoding","server":"scaffolding on HTTPServer2","x-xss-protection":"0","x-frame-options":"SAMEORIGIN","x-content-type-options":"nosniff","alt-svc":"h3=\":443\"; ma=2592000,h3-29=\":443\"; ma=2592000,h3-Q050=\":443\"; ma=2592000,h3-Q046=\":443\"; ma=2592000,h3-Q043=\":443\"; ma=2592000,quic=\":443\"; ma=2592000; v=\"46,43\"","accept-ranges":"none","transfer-encoding":"chunked"}
[debug] [2022-05-22T19:52:27.564Z] >>> HTTP REQUEST PATCH https://firebasehosting.googleapis.com/v1beta1/sites/project-catwalk-f2680/versions/19482fcf77e03f58?updateMask=status  
 {"status":"FINALIZED"}
[debug] [2022-05-22T19:52:28.158Z] <<< HTTP RESPONSE 200 {"content-type":"application/json; charset=UTF-8","vary":"X-Origin, Referer, Origin,Accept-Encoding","date":"Sun, 22 May 2022 19:52:28 GMT","server":"ESF","cache-control":"private","x-xss-protection":"0","x-frame-options":"SAMEORIGIN","x-content-type-options":"nosniff","alt-svc":"h3=\":443\"; ma=2592000,h3-29=\":443\"; ma=2592000,h3-Q050=\":443\"; ma=2592000,h3-Q046=\":443\"; ma=2592000,h3-Q043=\":443\"; ma=2592000,quic=\":443\"; ma=2592000; v=\"46,43\"","accept-ranges":"none","transfer-encoding":"chunked"}
[debug] [2022-05-22T19:52:28.161Z] [hosting] finalized version for project-catwalk-f2680: {"name":"sites/project-catwalk-f2680/versions/19482fcf77e03f58","status":"FINALIZED","config":{"rewrites":[{"glob":"**","path":"/index.html"}]},"labels":{"deployment-tool":"cli-firebase"},"createTime":"2022-05-22T19:52:24.601706Z","createUser":{"email":"yasinkhan500@gmail.com"},"finalizeTime":"2022-05-22T19:52:28.086181Z","finalizeUser":{"email":"yasinkhan500@gmail.com"}}
[info] ✔  hosting[project-catwalk-f2680]: version finalized 
[info] i  hosting[project-catwalk-f2680]: releasing new version... 
[debug] [2022-05-22T19:52:28.162Z] >>> HTTP REQUEST POST https://firebasehosting.googleapis.com/v1beta1/sites/project-catwalk-f2680/releases?version_name=sites/project-catwalk-f2680/versions/19482fcf77e03f58  
 {"message":null}
[debug] [2022-05-22T19:52:28.769Z] <<< HTTP RESPONSE 200 {"content-type":"application/json; charset=UTF-8","vary":"X-Origin, Referer, Origin,Accept-Encoding","date":"Sun, 22 May 2022 19:52:28 GMT","server":"ESF","cache-control":"private","x-xss-protection":"0","x-frame-options":"SAMEORIGIN","x-content-type-options":"nosniff","alt-svc":"h3=\":443\"; ma=2592000,h3-29=\":443\"; ma=2592000,h3-Q050=\":443\"; ma=2592000,h3-Q046=\":443\"; ma=2592000,h3-Q043=\":443\"; ma=2592000,quic=\":443\"; ma=2592000; v=\"46,43\"","accept-ranges":"none","transfer-encoding":"chunked"}
[debug] [2022-05-22T19:52:28.771Z] [hosting] release: {"name":"sites/project-catwalk-f2680/releases/1653249148109331","version":{"name":"sites/project-catwalk-f2680/versions/19482fcf77e03f58","status":"FINALIZED","config":{"rewrites":[{"glob":"**","path":"/index.html"}]},"labels":{"deployment-tool":"cli-firebase"},"createTime":"2022-05-22T19:52:24.601706Z","createUser":{"email":"yasinkhan500@gmail.com","imageUrl":"https://lh3.googleusercontent.com/a-/AOh14GgXLpjmepKrAPAfE_u4-lYaI3xhKm0VWouGmBJpeg"},"finalizeTime":"2022-05-22T19:52:28.086181Z","finalizeUser":{"email":"yasinkhan500@gmail.com","imageUrl":"https://lh3.googleusercontent.com/a-/AOh14GgXLpjmepKrAPAfE_u4-lYaI3xhKm0VWouGmBJpeg"}},"type":"DEPLOY","releaseTime":"2022-05-22T19:52:28.109331480Z","releaseUser":{"email":"yasinkhan500@gmail.com","imageUrl":"https://lh3.googleusercontent.com/a-/AOh14GgXLpjmepKrAPAfE_u4-lYaI3xhKm0VWouGmBJpeg"}}
[info] ✔  hosting[project-catwalk-f2680]: release complete 
[info] 
[info] ✔  Deploy complete! 
[info] 
[info] Project Console: https://console.firebase.google.com/project/project-catwalk-f2680/overview
[info] Hosting URL: https://project-catwalk-f2680.web.app
